2020-03-20T14:28:37.53987700255-14:28:37 **** Incremental Build of configuration Release for project test_1 ****
000-make all 
000-make --no-print-directory pre-build
000-a9-linaro-pre-build-step
000- 
000-make --no-print-directory main-build
000-Building file: ../src/main.c
000-Invoking: ARM v7 gcc compiler
000-arm-none-eabi-gcc -Wall -O2 -c -fmessage-length=0 -MT"src/main.o" -mcpu=cortex-a9 -mfpu=vfpv3 -mfloat-abi=hard -I/home/gerard/Documents/TFG/ZynqDmaAnalysis/SW/env1_cora/env1_cora/export/env1_cora/sw/env1_cora/standalone_domain/bspinclude/include -MMD -MP -MF"src/main.d" -MT"src/main.o" -o "src/main.o" "../src/main.c"
000-../src/main.c: In function 'visualizeFloat':
000/test_1/src/main.c34-1-1'main' is normally a non-static function [-Wmain]1-../src/main.c:34:5: warning: 'main' is normally a non-static function [-Wmain]
000- int main() {
000-     ^~~~
000-../src/main.c: In function 'main':
000/test_1/src/main.c38-1-1unused variable 'average' [-Wunused-variable]1-../src/main.c:38:9: warning: unused variable 'average' [-Wunused-variable]
000-  Result average[SUB_TESTS];
000-         ^~~~~~~
000-../src/main.c: In function 'visualizeFloat':
000/test_1/src/main.c99-1-1static declaration of 'system_setup' follows non-static declaration25:../src/main.c:99:5: error: static declaration of 'system_setup' follows non-static declaration
000- int system_setup(void){
000-     ^~~~~~~~~~~~
000/test_1/src/main.c26-1-1previous declaration of 'system_setup' was here0-../src/main.c:26:5: note: previous declaration of 'system_setup' was here
000- int system_setup(void);
000-     ^~~~~~~~~~~~
000/test_1/src/main.c126-1-1static declaration of 'peripheral_test' follows non-static declaration25:../src/main.c:126:5: error: static declaration of 'peripheral_test' follows non-static declaration
000- int peripheral_test(void){
000-     ^~~~~~~~~~~~~~~
000/test_1/src/main.c32-1-1previous declaration of 'peripheral_test' was here0-../src/main.c:32:5: note: previous declaration of 'peripheral_test' was here
000- int peripheral_test(void);
000-     ^~~~~~~~~~~~~~~
000/test_1/src/main.c137-1-1static declaration of 'test_counter_delay' follows non-static declaration26:../src/main.c:137:6: error: static declaration of 'test_counter_delay' follows non-static declaration
000- void test_counter_delay(char counter, int N){
000-      ^~~~~~~~~~~~~~~~~~
000/test_1/src/main.c28-1-1previous declaration of 'test_counter_delay' was here0-../src/main.c:28:6: note: previous declaration of 'test_counter_delay' was here
000- void test_counter_delay(char counter, int N);
000-      ^~~~~~~~~~~~~~~~~~
000/test_1/src/main.c162-1-1static declaration of 'test_fifo' follows non-static declaration25:../src/main.c:162:5: error: static declaration of 'test_fifo' follows non-static declaration
000- int test_fifo(void){
000-     ^~~~~~~~~
000/test_1/src/main.c30-1-1previous declaration of 'test_fifo' was here0-../src/main.c:30:5: note: previous declaration of 'test_fifo' was here
000/test_1/Release/src/subdir.mk39-1-1recipe for target 'src/main.o' failed2-src/subdir.mk:39: recipe for target 'src/main.o' failed
000- int test_fifo(void);
000/test_1/Release/makefile33-1-1recipe for target 'all' failed2-makefile:33: recipe for target 'all' failed
000-     ^~~~~~~~~
000/test_1/src/main.c201-1-1expected declaration or statement at end of input21:../src/main.c:201:1: error: expected declaration or statement at end of input
000- }
000- ^
000-At top level:
000/test_1/src/main.c162-1-1'test_fifo' defined but not used [-Wunused-function]1test_fifo../src/main.c:162:5: warning: 'test_fifo' defined but not used [-Wunused-function]
000- int test_fifo(void){
000-     ^~~~~~~~~
000/test_1/src/main.c137-1-1'test_counter_delay' defined but not used [-Wunused-function]1test_counter_delay../src/main.c:137:6: warning: 'test_counter_delay' defined but not used [-Wunused-function]
000- void test_counter_delay(char counter, int N){
000-      ^~~~~~~~~~~~~~~~~~
000/test_1/src/main.c126-1-1'peripheral_test' defined but not used [-Wunused-function]1peripheral_test../src/main.c:126:5: warning: 'peripheral_test' defined but not used [-Wunused-function]
000- int peripheral_test(void){
000-     ^~~~~~~~~~~~~~~
000/test_1/src/main.c99-1-1'system_setup' defined but not used [-Wunused-function]1system_setup../src/main.c:99:5: warning: 'system_setup' defined but not used [-Wunused-function]
000- int system_setup(void){
000-     ^~~~~~~~~~~~
000/test_1/src/main.c34-1-1'main' defined but not used [-Wunused-function]1main../src/main.c:34:5: warning: 'main' defined but not used [-Wunused-function]
000- int main() {
000-     ^~~~
000/test_10-1-1make[1]: *** [src/main.o] Error 12-make[1]: *** [src/main.o] Error 1
000/test_10-1-1make: *** [all] Error 22-make: *** [all] Error 2
00255-
14:28:37 Build Finished (took 121ms)

